
> clikkle@0.1.0 build
> next build

⚠ Warning: Next.js inferred your workspace root, but it may not be correct.
 We detected multiple lockfiles and selected the directory of C:\Users\umer\Desktop\vscodeappwrite\bun.lock as the root directory.
 To silence this warning, set `turbopack.root` in your Next.js config, or consider removing one of the lockfiles if it's not needed.
   See https://nextjs.org/docs/app/api-reference/config/next-config-js/turbopack#root-directory for more information.
 Detected additional lockfiles: 
   * C:\Users\umer\Desktop\vscodeappwrite\clikkle-app\package-lock.json

▲ Next.js 16.2.1 (Turbopack)

  Creating an optimized production build ...
✓ Compiled successfully in 18.9s
  Running TypeScript ...
Failed to type check.

./components/products/storage/permissions.tsx:146:26
Type error: Cannot find name 'Link'.

  [90m144 |[0m                         className=[32m"mx-auto mt-4 w-full md:w-auto"[0m
  [90m145 |[0m                     >
[31m[1m>[0m [90m146 |[0m                         <[33mLink[0m href=[32m"/docs/products/storage/permissions"[0m>
  [90m    |[0m                          [31m[1m^[0m
  [90m147 |[0m                             [33mLearn[0m more
  [90m148 |[0m                         </[33mLink[0m>
  [90m149 |[0m                     </[33mButton[0m>
Next.js build worker exited with code: 1 and signal: null
